{"name": "test_verifyValidationMessageIsDisplayedOnProvidingIncorrectLoginDetails[firefox-test123@gmail.com-HelloBye]", "status": "broken", "statusDetails": {"message": "selenium.common.exceptions.ElementNotInteractableException: Message: Element <span class=\"nav-action-inner\"> could not be scrolled into view\nStacktrace:\nRemoteError@chrome://remote/content/shared/RemoteError.sys.mjs:8:8\nWebDriverError@chrome://remote/content/shared/webdriver/Errors.sys.mjs:189:5\nElementNotInteractableError@chrome://remote/content/shared/webdriver/Errors.sys.mjs:349:5\nwebdriverClickElement@chrome://remote/content/marionette/interaction.sys.mjs:150:11\ninteraction.clickElement@chrome://remote/content/marionette/interaction.sys.mjs:119:11\nclickElement@chrome://remote/content/marionette/actors/MarionetteCommandsChild.sys.mjs:202:29\nreceiveMessage@chrome://remote/content/marionette/actors/MarionetteCommandsChild.sys.mjs:84:31", "trace": "self = <tests.amazon_suite_test.Test_LoginPage object at 0x000002623EFD09A0>\nusername = 'test123@gmail.com', password = 'HelloBye'\n\n    @allure.severity(allure.severity_level.CRITICAL)\n    @pytest.mark.Smoke\n    @pytest.mark.AmazonHomeTest\n    @pytest.mark.parametrize(\"username,password\", [(\"test@gmail.com\", \"test123\"), (\"test123@gmail.com\", \"HelloBye\")])\n    def test_verifyValidationMessageIsDisplayedOnProvidingIncorrectLoginDetails(self, username, password):\n        log = self.getLogger()\n        homePage = HomePage(self.driver)\n>       loginPage= homePage.clickSignInPageButton()\n\namazon_suite_test.py:38: \n_ _ _ _ _ _ _ _ _ _ _ _ _ _ _ _ _ _ _ _ _ _ _ _ _ _ _ _ _ _ _ _ _ _ _ _ _ _ _ _\n..\\pageObjects\\HomePage.py:42: in clickSignInPageButton\n    self.getSignInButton().click()\n..\\venv\\lib\\site-packages\\selenium\\webdriver\\remote\\webelement.py:81: in click\n    self._execute(Command.CLICK_ELEMENT)\n..\\venv\\lib\\site-packages\\selenium\\webdriver\\remote\\webelement.py:740: in _execute\n    return self._parent.execute(command, params)\n..\\venv\\lib\\site-packages\\selenium\\webdriver\\remote\\webdriver.py:430: in execute\n    self.error_handler.check_response(response)\n_ _ _ _ _ _ _ _ _ _ _ _ _ _ _ _ _ _ _ _ _ _ _ _ _ _ _ _ _ _ _ _ _ _ _ _ _ _ _ _\n\nself = <selenium.webdriver.remote.errorhandler.ErrorHandler object at 0x00000262402D5E80>\nresponse = {'status': 400, 'value': '{\"value\":{\"error\":\"element not interactable\",\"message\":\"Element <span class=\\\\\"nav-action-in...sys.mjs:202:29\\\\nreceiveMessage@chrome://remote/content/marionette/actors/MarionetteCommandsChild.sys.mjs:84:31\\\\n\"}}'}\n\n    def check_response(self, response: Dict[str, Any]) -> None:\n        \"\"\"\n        Checks that a JSON response from the WebDriver does not have an error.\n    \n        :Args:\n         - response - The JSON response from the WebDriver server as a dictionary\n           object.\n    \n        :Raises: If the response contains an error message.\n        \"\"\"\n        status = response.get('status', None)\n        if not status or status == ErrorCode.SUCCESS:\n            return\n        value = None\n        message = response.get(\"message\", \"\")\n        screen: str = response.get(\"screen\", \"\")\n        stacktrace = None\n        if isinstance(status, int):\n            value_json = response.get('value', None)\n            if value_json and isinstance(value_json, str):\n                import json\n                try:\n                    value = json.loads(value_json)\n                    if len(value.keys()) == 1:\n                        value = value['value']\n                    status = value.get('error', None)\n                    if not status:\n                        status = value.get(\"status\", ErrorCode.UNKNOWN_ERROR)\n                        message = value.get(\"value\") or value.get(\"message\")\n                        if not isinstance(message, str):\n                            value = message\n                            message = message.get('message')\n                    else:\n                        message = value.get('message', None)\n                except ValueError:\n                    pass\n    \n        exception_class: Type[WebDriverException]\n        if status in ErrorCode.NO_SUCH_ELEMENT:\n            exception_class = NoSuchElementException\n        elif status in ErrorCode.NO_SUCH_FRAME:\n            exception_class = NoSuchFrameException\n        elif status in ErrorCode.NO_SUCH_SHADOW_ROOT:\n            exception_class = NoSuchShadowRootException\n        elif status in ErrorCode.NO_SUCH_WINDOW:\n            exception_class = NoSuchWindowException\n        elif status in ErrorCode.STALE_ELEMENT_REFERENCE:\n            exception_class = StaleElementReferenceException\n        elif status in ErrorCode.ELEMENT_NOT_VISIBLE:\n            exception_class = ElementNotVisibleException\n        elif status in ErrorCode.INVALID_ELEMENT_STATE:\n            exception_class = InvalidElementStateException\n        elif status in ErrorCode.INVALID_SELECTOR \\\n                or status in ErrorCode.INVALID_XPATH_SELECTOR \\\n                or status in ErrorCode.INVALID_XPATH_SELECTOR_RETURN_TYPER:\n            exception_class = InvalidSelectorException\n        elif status in ErrorCode.ELEMENT_IS_NOT_SELECTABLE:\n            exception_class = ElementNotSelectableException\n        elif status in ErrorCode.ELEMENT_NOT_INTERACTABLE:\n            exception_class = ElementNotInteractableException\n        elif status in ErrorCode.INVALID_COOKIE_DOMAIN:\n            exception_class = InvalidCookieDomainException\n        elif status in ErrorCode.UNABLE_TO_SET_COOKIE:\n            exception_class = UnableToSetCookieException\n        elif status in ErrorCode.TIMEOUT:\n            exception_class = TimeoutException\n        elif status in ErrorCode.SCRIPT_TIMEOUT:\n            exception_class = TimeoutException\n        elif status in ErrorCode.UNKNOWN_ERROR:\n            exception_class = WebDriverException\n        elif status in ErrorCode.UNEXPECTED_ALERT_OPEN:\n            exception_class = UnexpectedAlertPresentException\n        elif status in ErrorCode.NO_ALERT_OPEN:\n            exception_class = NoAlertPresentException\n        elif status in ErrorCode.IME_NOT_AVAILABLE:\n            exception_class = ImeNotAvailableException\n        elif status in ErrorCode.IME_ENGINE_ACTIVATION_FAILED:\n            exception_class = ImeActivationFailedException\n        elif status in ErrorCode.MOVE_TARGET_OUT_OF_BOUNDS:\n            exception_class = MoveTargetOutOfBoundsException\n        elif status in ErrorCode.JAVASCRIPT_ERROR:\n            exception_class = JavascriptException\n        elif status in ErrorCode.SESSION_NOT_CREATED:\n            exception_class = SessionNotCreatedException\n        elif status in ErrorCode.INVALID_ARGUMENT:\n            exception_class = InvalidArgumentException\n        elif status in ErrorCode.NO_SUCH_COOKIE:\n            exception_class = NoSuchCookieException\n        elif status in ErrorCode.UNABLE_TO_CAPTURE_SCREEN:\n            exception_class = ScreenshotException\n        elif status in ErrorCode.ELEMENT_CLICK_INTERCEPTED:\n            exception_class = ElementClickInterceptedException\n        elif status in ErrorCode.INSECURE_CERTIFICATE:\n            exception_class = InsecureCertificateException\n        elif status in ErrorCode.INVALID_COORDINATES:\n            exception_class = InvalidCoordinatesException\n        elif status in ErrorCode.INVALID_SESSION_ID:\n            exception_class = InvalidSessionIdException\n        elif status in ErrorCode.UNKNOWN_METHOD:\n            exception_class = UnknownMethodException\n        else:\n            exception_class = WebDriverException\n        if not value:\n            value = response['value']\n        if isinstance(value, str):\n            raise exception_class(value)\n        if message == \"\" and 'message' in value:\n            message = value['message']\n    \n        screen = None  # type: ignore[assignment]\n        if 'screen' in value:\n            screen = value['screen']\n    \n        stacktrace = None\n        st_value = value.get('stackTrace') or value.get('stacktrace')\n        if st_value:\n            if isinstance(st_value, str):\n                stacktrace = st_value.split('\\n')\n            else:\n                stacktrace = []\n                try:\n                    for frame in st_value:\n                        line = self._value_or_default(frame, 'lineNumber', '')\n                        file = self._value_or_default(frame, 'fileName', '<anonymous>')\n                        if line:\n                            file = \"%s:%s\" % (file, line)\n                        meth = self._value_or_default(frame, 'methodName', '<anonymous>')\n                        if 'className' in frame:\n                            meth = \"%s.%s\" % (frame['className'], meth)\n                        msg = \"    at %s (%s)\"\n                        msg = msg % (meth, file)\n                        stacktrace.append(msg)\n                except TypeError:\n                    pass\n        if exception_class == UnexpectedAlertPresentException:\n            alert_text = None\n            if 'data' in value:\n                alert_text = value['data'].get('text')\n            elif 'alert' in value:\n                alert_text = value['alert'].get('text')\n            raise exception_class(message, screen, stacktrace, alert_text)  # type: ignore[call-arg]  # mypy is not smart enough here\n>       raise exception_class(message, screen, stacktrace)\nE       selenium.common.exceptions.ElementNotInteractableException: Message: Element <span class=\"nav-action-inner\"> could not be scrolled into view\nE       Stacktrace:\nE       RemoteError@chrome://remote/content/shared/RemoteError.sys.mjs:8:8\nE       WebDriverError@chrome://remote/content/shared/webdriver/Errors.sys.mjs:189:5\nE       ElementNotInteractableError@chrome://remote/content/shared/webdriver/Errors.sys.mjs:349:5\nE       webdriverClickElement@chrome://remote/content/marionette/interaction.sys.mjs:150:11\nE       interaction.clickElement@chrome://remote/content/marionette/interaction.sys.mjs:119:11\nE       clickElement@chrome://remote/content/marionette/actors/MarionetteCommandsChild.sys.mjs:202:29\nE       receiveMessage@chrome://remote/content/marionette/actors/MarionetteCommandsChild.sys.mjs:84:31\n\n..\\venv\\lib\\site-packages\\selenium\\webdriver\\remote\\errorhandler.py:247: ElementNotInteractableException"}, "attachments": [{"name": "HomePage", "source": "f2d27d25-4bd1-43eb-a9ac-13c665743ad9-attachment.png", "type": "image/png"}], "parameters": [{"name": "setup", "value": "'firefox'"}, {"name": "username", "value": "'test123@gmail.com'"}, {"name": "password", "value": "'HelloBye'"}], "start": 1700505998430, "stop": 1700505998579, "uuid": "0a2c1846-53ca-4a86-ba30-9b09910c8e4e", "historyId": "97ab62a033227eb2b78d00b4eb13b08c", "testCaseId": "cf79ac4d4e879ea724c90e60e38cc401", "fullName": "tests.amazon_suite_test.Test_LoginPage#test_verifyValidationMessageIsDisplayedOnProvidingIncorrectLoginDetails", "labels": [{"name": "severity", "value": "critical"}, {"name": "tag", "value": "AmazonHomeTest"}, {"name": "tag", "value": "Smoke"}, {"name": "tag", "value": "@pytest.mark.usefixtures('setup')"}, {"name": "parentSuite", "value": "tests"}, {"name": "suite", "value": "amazon_suite_test"}, {"name": "subSuite", "value": "Test_LoginPage"}, {"name": "host", "value": "DESKTOP-NN1215C"}, {"name": "thread", "value": "5016-MainThread"}, {"name": "framework", "value": "pytest"}, {"name": "language", "value": "cpython3"}, {"name": "package", "value": "tests.amazon_suite_test"}]}