{"uid":"676689c83f4236ed","name":"test_verifyReturnAndordersButtonDisplayed[chrome]","fullName":"tests.amazon_suite_test.Test_AmazonHomePage#test_verifyReturnAndordersButtonDisplayed","historyId":"43f01bea3abbfb0a27959cf7c0a96ff4","time":{"start":1654588358607,"stop":1654588363044,"duration":4437},"status":"broken","statusMessage":"selenium.common.exceptions.NoSuchElementException: Message: no such element: Unable to locate element: {\"method\":\"css selector\",\"selector\":\"[id=\"nav-orderss\"]\"}\n  (Session info: chrome=102.0.5005.63)\nStacktrace:\nBacktrace:\n\tOrdinal0 [0x00F9D953+2414931]\n\tOrdinal0 [0x00F2F5E1+1963489]\n\tOrdinal0 [0x00E1C6B8+837304]\n\tOrdinal0 [0x00E49500+1021184]\n\tOrdinal0 [0x00E4979B+1021851]\n\tOrdinal0 [0x00E76502+1205506]\n\tOrdinal0 [0x00E644E4+1131748]\n\tOrdinal0 [0x00E74812+1198098]\n\tOrdinal0 [0x00E642B6+1131190]\n\tOrdinal0 [0x00E3E860+976992]\n\tOrdinal0 [0x00E3F756+980822]\n\tGetHandleVerifier [0x0120CC62+2510274]\n\tGetHandleVerifier [0x011FF760+2455744]\n\tGetHandleVerifier [0x0102EABA+551962]\n\tGetHandleVerifier [0x0102D916+547446]\n\tOrdinal0 [0x00F35F3B+1990459]\n\tOrdinal0 [0x00F3A898+2009240]\n\tOrdinal0 [0x00F3A985+2009477]\n\tOrdinal0 [0x00F43AD1+2046673]\n\tBaseThreadInitThunk [0x7644FA29+25]\n\tRtlGetAppContainerNamedObjectPath [0x77007A7E+286]\n\tRtlGetAppContainerNamedObjectPath [0x77007A4E+238]","statusTrace":"self = <tests.amazon_suite_test.Test_AmazonHomePage object at 0x00000246ED7FAA60>\n\n    @allure.severity(allure.severity_level.NORMAL)\n    @pytest.mark.Smoke\n    def test_verifyReturnAndordersButtonDisplayed(self):\n        log = self.getLogger()\n        homePage = HomePage(self.driver)\n>       homePage.verifyReturnsAndOrderButtonDisplayed()\n\ntests\\amazon_suite_test.py:27: \n_ _ _ _ _ _ _ _ _ _ _ _ _ _ _ _ _ _ _ _ _ _ _ _ _ _ _ _ _ _ _ _ _ _ _ _ _ _ _ _\npageObjects\\HomePage.py:52: in verifyReturnsAndOrderButtonDisplayed\n    self.getReturnsAndOrdersButton().is_displayed()\npageObjects\\HomePage.py:47: in getReturnsAndOrdersButton\n    return self.findElementById(self.returnsAndOrdersButton)\nutilities\\BaseClass.py:170: in findElementById\n    return self.driver.find_element_by_id(Id)\nc:\\users\\kegupta\\appdata\\local\\programs\\python\\python38\\lib\\site-packages\\selenium\\webdriver\\remote\\webdriver.py:478: in find_element_by_id\n    return self.find_element(by=By.ID, value=id_)\nc:\\users\\kegupta\\appdata\\local\\programs\\python\\python38\\lib\\site-packages\\selenium\\webdriver\\remote\\webdriver.py:1251: in find_element\n    return self.execute(Command.FIND_ELEMENT, {\nc:\\users\\kegupta\\appdata\\local\\programs\\python\\python38\\lib\\site-packages\\selenium\\webdriver\\remote\\webdriver.py:430: in execute\n    self.error_handler.check_response(response)\n_ _ _ _ _ _ _ _ _ _ _ _ _ _ _ _ _ _ _ _ _ _ _ _ _ _ _ _ _ _ _ _ _ _ _ _ _ _ _ _\n\nself = <selenium.webdriver.remote.errorhandler.ErrorHandler object at 0x00000246ED7FADF0>\nresponse = {'status': 404, 'value': '{\"value\":{\"error\":\"no such element\",\"message\":\"no such element: Unable to locate element: {\\...\\n\\\\tRtlGetAppContainerNamedObjectPath [0x77007A7E+286]\\\\n\\\\tRtlGetAppContainerNamedObjectPath [0x77007A4E+238]\\\\n\"}}'}\n\n    def check_response(self, response: Dict[str, Any]) -> None:\n        \"\"\"\n        Checks that a JSON response from the WebDriver does not have an error.\n    \n        :Args:\n         - response - The JSON response from the WebDriver server as a dictionary\n           object.\n    \n        :Raises: If the response contains an error message.\n        \"\"\"\n        status = response.get('status', None)\n        if not status or status == ErrorCode.SUCCESS:\n            return\n        value = None\n        message = response.get(\"message\", \"\")\n        screen: str = response.get(\"screen\", \"\")\n        stacktrace = None\n        if isinstance(status, int):\n            value_json = response.get('value', None)\n            if value_json and isinstance(value_json, str):\n                import json\n                try:\n                    value = json.loads(value_json)\n                    if len(value.keys()) == 1:\n                        value = value['value']\n                    status = value.get('error', None)\n                    if not status:\n                        status = value.get(\"status\", ErrorCode.UNKNOWN_ERROR)\n                        message = value.get(\"value\") or value.get(\"message\")\n                        if not isinstance(message, str):\n                            value = message\n                            message = message.get('message')\n                    else:\n                        message = value.get('message', None)\n                except ValueError:\n                    pass\n    \n        exception_class: Type[WebDriverException]\n        if status in ErrorCode.NO_SUCH_ELEMENT:\n            exception_class = NoSuchElementException\n        elif status in ErrorCode.NO_SUCH_FRAME:\n            exception_class = NoSuchFrameException\n        elif status in ErrorCode.NO_SUCH_SHADOW_ROOT:\n            exception_class = NoSuchShadowRootException\n        elif status in ErrorCode.NO_SUCH_WINDOW:\n            exception_class = NoSuchWindowException\n        elif status in ErrorCode.STALE_ELEMENT_REFERENCE:\n            exception_class = StaleElementReferenceException\n        elif status in ErrorCode.ELEMENT_NOT_VISIBLE:\n            exception_class = ElementNotVisibleException\n        elif status in ErrorCode.INVALID_ELEMENT_STATE:\n            exception_class = InvalidElementStateException\n        elif status in ErrorCode.INVALID_SELECTOR \\\n                or status in ErrorCode.INVALID_XPATH_SELECTOR \\\n                or status in ErrorCode.INVALID_XPATH_SELECTOR_RETURN_TYPER:\n            exception_class = InvalidSelectorException\n        elif status in ErrorCode.ELEMENT_IS_NOT_SELECTABLE:\n            exception_class = ElementNotSelectableException\n        elif status in ErrorCode.ELEMENT_NOT_INTERACTABLE:\n            exception_class = ElementNotInteractableException\n        elif status in ErrorCode.INVALID_COOKIE_DOMAIN:\n            exception_class = InvalidCookieDomainException\n        elif status in ErrorCode.UNABLE_TO_SET_COOKIE:\n            exception_class = UnableToSetCookieException\n        elif status in ErrorCode.TIMEOUT:\n            exception_class = TimeoutException\n        elif status in ErrorCode.SCRIPT_TIMEOUT:\n            exception_class = TimeoutException\n        elif status in ErrorCode.UNKNOWN_ERROR:\n            exception_class = WebDriverException\n        elif status in ErrorCode.UNEXPECTED_ALERT_OPEN:\n            exception_class = UnexpectedAlertPresentException\n        elif status in ErrorCode.NO_ALERT_OPEN:\n            exception_class = NoAlertPresentException\n        elif status in ErrorCode.IME_NOT_AVAILABLE:\n            exception_class = ImeNotAvailableException\n        elif status in ErrorCode.IME_ENGINE_ACTIVATION_FAILED:\n            exception_class = ImeActivationFailedException\n        elif status in ErrorCode.MOVE_TARGET_OUT_OF_BOUNDS:\n            exception_class = MoveTargetOutOfBoundsException\n        elif status in ErrorCode.JAVASCRIPT_ERROR:\n            exception_class = JavascriptException\n        elif status in ErrorCode.SESSION_NOT_CREATED:\n            exception_class = SessionNotCreatedException\n        elif status in ErrorCode.INVALID_ARGUMENT:\n            exception_class = InvalidArgumentException\n        elif status in ErrorCode.NO_SUCH_COOKIE:\n            exception_class = NoSuchCookieException\n        elif status in ErrorCode.UNABLE_TO_CAPTURE_SCREEN:\n            exception_class = ScreenshotException\n        elif status in ErrorCode.ELEMENT_CLICK_INTERCEPTED:\n            exception_class = ElementClickInterceptedException\n        elif status in ErrorCode.INSECURE_CERTIFICATE:\n            exception_class = InsecureCertificateException\n        elif status in ErrorCode.INVALID_COORDINATES:\n            exception_class = InvalidCoordinatesException\n        elif status in ErrorCode.INVALID_SESSION_ID:\n            exception_class = InvalidSessionIdException\n        elif status in ErrorCode.UNKNOWN_METHOD:\n            exception_class = UnknownMethodException\n        else:\n            exception_class = WebDriverException\n        if not value:\n            value = response['value']\n        if isinstance(value, str):\n            raise exception_class(value)\n        if message == \"\" and 'message' in value:\n            message = value['message']\n    \n        screen = None  # type: ignore[assignment]\n        if 'screen' in value:\n            screen = value['screen']\n    \n        stacktrace = None\n        st_value = value.get('stackTrace') or value.get('stacktrace')\n        if st_value:\n            if isinstance(st_value, str):\n                stacktrace = st_value.split('\\n')\n            else:\n                stacktrace = []\n                try:\n                    for frame in st_value:\n                        line = self._value_or_default(frame, 'lineNumber', '')\n                        file = self._value_or_default(frame, 'fileName', '<anonymous>')\n                        if line:\n                            file = \"%s:%s\" % (file, line)\n                        meth = self._value_or_default(frame, 'methodName', '<anonymous>')\n                        if 'className' in frame:\n                            meth = \"%s.%s\" % (frame['className'], meth)\n                        msg = \"    at %s (%s)\"\n                        msg = msg % (meth, file)\n                        stacktrace.append(msg)\n                except TypeError:\n                    pass\n        if exception_class == UnexpectedAlertPresentException:\n            alert_text = None\n            if 'data' in value:\n                alert_text = value['data'].get('text')\n            elif 'alert' in value:\n                alert_text = value['alert'].get('text')\n            raise exception_class(message, screen, stacktrace, alert_text)  # type: ignore[call-arg]  # mypy is not smart enough here\n>       raise exception_class(message, screen, stacktrace)\nE       selenium.common.exceptions.NoSuchElementException: Message: no such element: Unable to locate element: {\"method\":\"css selector\",\"selector\":\"[id=\"nav-orderss\"]\"}\nE         (Session info: chrome=102.0.5005.63)\nE       Stacktrace:\nE       Backtrace:\nE       \tOrdinal0 [0x00F9D953+2414931]\nE       \tOrdinal0 [0x00F2F5E1+1963489]\nE       \tOrdinal0 [0x00E1C6B8+837304]\nE       \tOrdinal0 [0x00E49500+1021184]\nE       \tOrdinal0 [0x00E4979B+1021851]\nE       \tOrdinal0 [0x00E76502+1205506]\nE       \tOrdinal0 [0x00E644E4+1131748]\nE       \tOrdinal0 [0x00E74812+1198098]\nE       \tOrdinal0 [0x00E642B6+1131190]\nE       \tOrdinal0 [0x00E3E860+976992]\nE       \tOrdinal0 [0x00E3F756+980822]\nE       \tGetHandleVerifier [0x0120CC62+2510274]\nE       \tGetHandleVerifier [0x011FF760+2455744]\nE       \tGetHandleVerifier [0x0102EABA+551962]\nE       \tGetHandleVerifier [0x0102D916+547446]\nE       \tOrdinal0 [0x00F35F3B+1990459]\nE       \tOrdinal0 [0x00F3A898+2009240]\nE       \tOrdinal0 [0x00F3A985+2009477]\nE       \tOrdinal0 [0x00F43AD1+2046673]\nE       \tBaseThreadInitThunk [0x7644FA29+25]\nE       \tRtlGetAppContainerNamedObjectPath [0x77007A7E+286]\nE       \tRtlGetAppContainerNamedObjectPath [0x77007A4E+238]\n\nc:\\users\\kegupta\\appdata\\local\\programs\\python\\python38\\lib\\site-packages\\selenium\\webdriver\\remote\\errorhandler.py:247: NoSuchElementException","flaky":false,"newFailed":false,"newBroken":false,"newPassed":false,"retriesCount":0,"retriesStatusChange":false,"beforeStages":[{"name":"setup","time":{"start":1654588349765,"stop":1654588358172,"duration":8407},"status":"passed","steps":[],"attachments":[],"parameters":[],"hasContent":false,"stepsCount":0,"attachmentsCount":0,"shouldDisplayMessage":false}],"testStage":{"status":"broken","statusMessage":"selenium.common.exceptions.NoSuchElementException: Message: no such element: Unable to locate element: {\"method\":\"css selector\",\"selector\":\"[id=\"nav-orderss\"]\"}\n  (Session info: chrome=102.0.5005.63)\nStacktrace:\nBacktrace:\n\tOrdinal0 [0x00F9D953+2414931]\n\tOrdinal0 [0x00F2F5E1+1963489]\n\tOrdinal0 [0x00E1C6B8+837304]\n\tOrdinal0 [0x00E49500+1021184]\n\tOrdinal0 [0x00E4979B+1021851]\n\tOrdinal0 [0x00E76502+1205506]\n\tOrdinal0 [0x00E644E4+1131748]\n\tOrdinal0 [0x00E74812+1198098]\n\tOrdinal0 [0x00E642B6+1131190]\n\tOrdinal0 [0x00E3E860+976992]\n\tOrdinal0 [0x00E3F756+980822]\n\tGetHandleVerifier [0x0120CC62+2510274]\n\tGetHandleVerifier [0x011FF760+2455744]\n\tGetHandleVerifier [0x0102EABA+551962]\n\tGetHandleVerifier [0x0102D916+547446]\n\tOrdinal0 [0x00F35F3B+1990459]\n\tOrdinal0 [0x00F3A898+2009240]\n\tOrdinal0 [0x00F3A985+2009477]\n\tOrdinal0 [0x00F43AD1+2046673]\n\tBaseThreadInitThunk [0x7644FA29+25]\n\tRtlGetAppContainerNamedObjectPath [0x77007A7E+286]\n\tRtlGetAppContainerNamedObjectPath [0x77007A4E+238]","statusTrace":"self = <tests.amazon_suite_test.Test_AmazonHomePage object at 0x00000246ED7FAA60>\n\n    @allure.severity(allure.severity_level.NORMAL)\n    @pytest.mark.Smoke\n    def test_verifyReturnAndordersButtonDisplayed(self):\n        log = self.getLogger()\n        homePage = HomePage(self.driver)\n>       homePage.verifyReturnsAndOrderButtonDisplayed()\n\ntests\\amazon_suite_test.py:27: \n_ _ _ _ _ _ _ _ _ _ _ _ _ _ _ _ _ _ _ _ _ _ _ _ _ _ _ _ _ _ _ _ _ _ _ _ _ _ _ _\npageObjects\\HomePage.py:52: in verifyReturnsAndOrderButtonDisplayed\n    self.getReturnsAndOrdersButton().is_displayed()\npageObjects\\HomePage.py:47: in getReturnsAndOrdersButton\n    return self.findElementById(self.returnsAndOrdersButton)\nutilities\\BaseClass.py:170: in findElementById\n    return self.driver.find_element_by_id(Id)\nc:\\users\\kegupta\\appdata\\local\\programs\\python\\python38\\lib\\site-packages\\selenium\\webdriver\\remote\\webdriver.py:478: in find_element_by_id\n    return self.find_element(by=By.ID, value=id_)\nc:\\users\\kegupta\\appdata\\local\\programs\\python\\python38\\lib\\site-packages\\selenium\\webdriver\\remote\\webdriver.py:1251: in find_element\n    return self.execute(Command.FIND_ELEMENT, {\nc:\\users\\kegupta\\appdata\\local\\programs\\python\\python38\\lib\\site-packages\\selenium\\webdriver\\remote\\webdriver.py:430: in execute\n    self.error_handler.check_response(response)\n_ _ _ _ _ _ _ _ _ _ _ _ _ _ _ _ _ _ _ _ _ _ _ _ _ _ _ _ _ _ _ _ _ _ _ _ _ _ _ _\n\nself = <selenium.webdriver.remote.errorhandler.ErrorHandler object at 0x00000246ED7FADF0>\nresponse = {'status': 404, 'value': '{\"value\":{\"error\":\"no such element\",\"message\":\"no such element: Unable to locate element: {\\...\\n\\\\tRtlGetAppContainerNamedObjectPath [0x77007A7E+286]\\\\n\\\\tRtlGetAppContainerNamedObjectPath [0x77007A4E+238]\\\\n\"}}'}\n\n    def check_response(self, response: Dict[str, Any]) -> None:\n        \"\"\"\n        Checks that a JSON response from the WebDriver does not have an error.\n    \n        :Args:\n         - response - The JSON response from the WebDriver server as a dictionary\n           object.\n    \n        :Raises: If the response contains an error message.\n        \"\"\"\n        status = response.get('status', None)\n        if not status or status == ErrorCode.SUCCESS:\n            return\n        value = None\n        message = response.get(\"message\", \"\")\n        screen: str = response.get(\"screen\", \"\")\n        stacktrace = None\n        if isinstance(status, int):\n            value_json = response.get('value', None)\n            if value_json and isinstance(value_json, str):\n                import json\n                try:\n                    value = json.loads(value_json)\n                    if len(value.keys()) == 1:\n                        value = value['value']\n                    status = value.get('error', None)\n                    if not status:\n                        status = value.get(\"status\", ErrorCode.UNKNOWN_ERROR)\n                        message = value.get(\"value\") or value.get(\"message\")\n                        if not isinstance(message, str):\n                            value = message\n                            message = message.get('message')\n                    else:\n                        message = value.get('message', None)\n                except ValueError:\n                    pass\n    \n        exception_class: Type[WebDriverException]\n        if status in ErrorCode.NO_SUCH_ELEMENT:\n            exception_class = NoSuchElementException\n        elif status in ErrorCode.NO_SUCH_FRAME:\n            exception_class = NoSuchFrameException\n        elif status in ErrorCode.NO_SUCH_SHADOW_ROOT:\n            exception_class = NoSuchShadowRootException\n        elif status in ErrorCode.NO_SUCH_WINDOW:\n            exception_class = NoSuchWindowException\n        elif status in ErrorCode.STALE_ELEMENT_REFERENCE:\n            exception_class = StaleElementReferenceException\n        elif status in ErrorCode.ELEMENT_NOT_VISIBLE:\n            exception_class = ElementNotVisibleException\n        elif status in ErrorCode.INVALID_ELEMENT_STATE:\n            exception_class = InvalidElementStateException\n        elif status in ErrorCode.INVALID_SELECTOR \\\n                or status in ErrorCode.INVALID_XPATH_SELECTOR \\\n                or status in ErrorCode.INVALID_XPATH_SELECTOR_RETURN_TYPER:\n            exception_class = InvalidSelectorException\n        elif status in ErrorCode.ELEMENT_IS_NOT_SELECTABLE:\n            exception_class = ElementNotSelectableException\n        elif status in ErrorCode.ELEMENT_NOT_INTERACTABLE:\n            exception_class = ElementNotInteractableException\n        elif status in ErrorCode.INVALID_COOKIE_DOMAIN:\n            exception_class = InvalidCookieDomainException\n        elif status in ErrorCode.UNABLE_TO_SET_COOKIE:\n            exception_class = UnableToSetCookieException\n        elif status in ErrorCode.TIMEOUT:\n            exception_class = TimeoutException\n        elif status in ErrorCode.SCRIPT_TIMEOUT:\n            exception_class = TimeoutException\n        elif status in ErrorCode.UNKNOWN_ERROR:\n            exception_class = WebDriverException\n        elif status in ErrorCode.UNEXPECTED_ALERT_OPEN:\n            exception_class = UnexpectedAlertPresentException\n        elif status in ErrorCode.NO_ALERT_OPEN:\n            exception_class = NoAlertPresentException\n        elif status in ErrorCode.IME_NOT_AVAILABLE:\n            exception_class = ImeNotAvailableException\n        elif status in ErrorCode.IME_ENGINE_ACTIVATION_FAILED:\n            exception_class = ImeActivationFailedException\n        elif status in ErrorCode.MOVE_TARGET_OUT_OF_BOUNDS:\n            exception_class = MoveTargetOutOfBoundsException\n        elif status in ErrorCode.JAVASCRIPT_ERROR:\n            exception_class = JavascriptException\n        elif status in ErrorCode.SESSION_NOT_CREATED:\n            exception_class = SessionNotCreatedException\n        elif status in ErrorCode.INVALID_ARGUMENT:\n            exception_class = InvalidArgumentException\n        elif status in ErrorCode.NO_SUCH_COOKIE:\n            exception_class = NoSuchCookieException\n        elif status in ErrorCode.UNABLE_TO_CAPTURE_SCREEN:\n            exception_class = ScreenshotException\n        elif status in ErrorCode.ELEMENT_CLICK_INTERCEPTED:\n            exception_class = ElementClickInterceptedException\n        elif status in ErrorCode.INSECURE_CERTIFICATE:\n            exception_class = InsecureCertificateException\n        elif status in ErrorCode.INVALID_COORDINATES:\n            exception_class = InvalidCoordinatesException\n        elif status in ErrorCode.INVALID_SESSION_ID:\n            exception_class = InvalidSessionIdException\n        elif status in ErrorCode.UNKNOWN_METHOD:\n            exception_class = UnknownMethodException\n        else:\n            exception_class = WebDriverException\n        if not value:\n            value = response['value']\n        if isinstance(value, str):\n            raise exception_class(value)\n        if message == \"\" and 'message' in value:\n            message = value['message']\n    \n        screen = None  # type: ignore[assignment]\n        if 'screen' in value:\n            screen = value['screen']\n    \n        stacktrace = None\n        st_value = value.get('stackTrace') or value.get('stacktrace')\n        if st_value:\n            if isinstance(st_value, str):\n                stacktrace = st_value.split('\\n')\n            else:\n                stacktrace = []\n                try:\n                    for frame in st_value:\n                        line = self._value_or_default(frame, 'lineNumber', '')\n                        file = self._value_or_default(frame, 'fileName', '<anonymous>')\n                        if line:\n                            file = \"%s:%s\" % (file, line)\n                        meth = self._value_or_default(frame, 'methodName', '<anonymous>')\n                        if 'className' in frame:\n                            meth = \"%s.%s\" % (frame['className'], meth)\n                        msg = \"    at %s (%s)\"\n                        msg = msg % (meth, file)\n                        stacktrace.append(msg)\n                except TypeError:\n                    pass\n        if exception_class == UnexpectedAlertPresentException:\n            alert_text = None\n            if 'data' in value:\n                alert_text = value['data'].get('text')\n            elif 'alert' in value:\n                alert_text = value['alert'].get('text')\n            raise exception_class(message, screen, stacktrace, alert_text)  # type: ignore[call-arg]  # mypy is not smart enough here\n>       raise exception_class(message, screen, stacktrace)\nE       selenium.common.exceptions.NoSuchElementException: Message: no such element: Unable to locate element: {\"method\":\"css selector\",\"selector\":\"[id=\"nav-orderss\"]\"}\nE         (Session info: chrome=102.0.5005.63)\nE       Stacktrace:\nE       Backtrace:\nE       \tOrdinal0 [0x00F9D953+2414931]\nE       \tOrdinal0 [0x00F2F5E1+1963489]\nE       \tOrdinal0 [0x00E1C6B8+837304]\nE       \tOrdinal0 [0x00E49500+1021184]\nE       \tOrdinal0 [0x00E4979B+1021851]\nE       \tOrdinal0 [0x00E76502+1205506]\nE       \tOrdinal0 [0x00E644E4+1131748]\nE       \tOrdinal0 [0x00E74812+1198098]\nE       \tOrdinal0 [0x00E642B6+1131190]\nE       \tOrdinal0 [0x00E3E860+976992]\nE       \tOrdinal0 [0x00E3F756+980822]\nE       \tGetHandleVerifier [0x0120CC62+2510274]\nE       \tGetHandleVerifier [0x011FF760+2455744]\nE       \tGetHandleVerifier [0x0102EABA+551962]\nE       \tGetHandleVerifier [0x0102D916+547446]\nE       \tOrdinal0 [0x00F35F3B+1990459]\nE       \tOrdinal0 [0x00F3A898+2009240]\nE       \tOrdinal0 [0x00F3A985+2009477]\nE       \tOrdinal0 [0x00F43AD1+2046673]\nE       \tBaseThreadInitThunk [0x7644FA29+25]\nE       \tRtlGetAppContainerNamedObjectPath [0x77007A7E+286]\nE       \tRtlGetAppContainerNamedObjectPath [0x77007A4E+238]\n\nc:\\users\\kegupta\\appdata\\local\\programs\\python\\python38\\lib\\site-packages\\selenium\\webdriver\\remote\\errorhandler.py:247: NoSuchElementException","steps":[],"attachments":[{"uid":"42d0c2e8aff5a762","name":"HomePage","source":"42d0c2e8aff5a762.png","type":"image/png","size":701657},{"uid":"23b864f996fecfe9","name":"log","source":"23b864f996fecfe9.txt","type":"text/plain","size":417}],"parameters":[],"hasContent":true,"stepsCount":0,"attachmentsCount":2,"shouldDisplayMessage":true},"afterStages":[{"name":"setup::0","time":{"start":1654588363338,"stop":1654588365484,"duration":2146},"status":"passed","steps":[],"attachments":[],"parameters":[],"hasContent":false,"stepsCount":0,"attachmentsCount":0,"shouldDisplayMessage":false}],"labels":[{"name":"severity","value":"normal"},{"name":"tag","value":"@pytest.mark.usefixtures('setup')"},{"name":"tag","value":"Smoke"},{"name":"parentSuite","value":"tests"},{"name":"suite","value":"amazon_suite_test"},{"name":"subSuite","value":"Test_AmazonHomePage"},{"name":"host","value":"ALAMO-QA6L"},{"name":"thread","value":"63232-MainThread"},{"name":"framework","value":"pytest"},{"name":"language","value":"cpython3"},{"name":"package","value":"tests.amazon_suite_test"},{"name":"resultFormat","value":"allure2"}],"parameters":[{"name":"setup","value":"'chrome'"}],"links":[],"hidden":true,"retry":true,"extra":{"categories":[],"tags":["Smoke","@pytest.mark.usefixtures('setup')"]},"source":"676689c83f4236ed.json","parameterValues":["'chrome'"]}