{"uid":"865f737665b46027","name":"test_verifyReturnAndordersButtonDisplayed[firefox]","fullName":"tests.amazon_suite_test.Test_AmazonHomePage#test_verifyReturnAndordersButtonDisplayed","historyId":"461eb4cbd8bd92be3dbe3f7f4a2cd40a","time":{"start":1654588834728,"stop":1654588838920,"duration":4192},"status":"broken","statusMessage":"selenium.common.exceptions.NoSuchElementException: Message: Unable to locate element: [id=\"nav-orderss\"]\nStacktrace:\nWebDriverError@chrome://remote/content/shared/webdriver/Errors.jsm:183:5\nNoSuchElementError@chrome://remote/content/shared/webdriver/Errors.jsm:395:5\nelement.find/</<@chrome://remote/content/marionette/element.js:300:16","statusTrace":"self = <tests.amazon_suite_test.Test_AmazonHomePage object at 0x000001D80CA2FB50>\n\n    @allure.severity(allure.severity_level.NORMAL)\n    @pytest.mark.Smoke\n    @pytest.mark.AmazonHomeTest\n    def test_verifyReturnAndordersButtonDisplayed(self):\n        log = self.getLogger()\n        homePage = HomePage(self.driver)\n>       homePage.verifyReturnsAndOrderButtonDisplayed()\n\ntests\\amazon_suite_test.py:28: \n_ _ _ _ _ _ _ _ _ _ _ _ _ _ _ _ _ _ _ _ _ _ _ _ _ _ _ _ _ _ _ _ _ _ _ _ _ _ _ _\npageObjects\\HomePage.py:56: in verifyReturnsAndOrderButtonDisplayed\n    self.getReturnsAndOrdersButton().is_displayed()\npageObjects\\HomePage.py:51: in getReturnsAndOrdersButton\n    return self.findElementById(self.returnsAndOrdersButton)\nutilities\\BaseClass.py:170: in findElementById\n    return self.driver.find_element_by_id(Id)\nc:\\users\\kegupta\\appdata\\local\\programs\\python\\python38\\lib\\site-packages\\selenium\\webdriver\\remote\\webdriver.py:478: in find_element_by_id\n    return self.find_element(by=By.ID, value=id_)\nc:\\users\\kegupta\\appdata\\local\\programs\\python\\python38\\lib\\site-packages\\selenium\\webdriver\\remote\\webdriver.py:1251: in find_element\n    return self.execute(Command.FIND_ELEMENT, {\nc:\\users\\kegupta\\appdata\\local\\programs\\python\\python38\\lib\\site-packages\\selenium\\webdriver\\remote\\webdriver.py:430: in execute\n    self.error_handler.check_response(response)\n_ _ _ _ _ _ _ _ _ _ _ _ _ _ _ _ _ _ _ _ _ _ _ _ _ _ _ _ _ _ _ _ _ _ _ _ _ _ _ _\n\nself = <selenium.webdriver.remote.errorhandler.ErrorHandler object at 0x000001D80C9E5C70>\nresponse = {'status': 404, 'value': '{\"value\":{\"error\":\"no such element\",\"message\":\"Unable to locate element: [id=\\\\\"nav-orderss\\...ntent/shared/webdriver/Errors.jsm:395:5\\\\nelement.find/</<@chrome://remote/content/marionette/element.js:300:16\\\\n\"}}'}\n\n    def check_response(self, response: Dict[str, Any]) -> None:\n        \"\"\"\n        Checks that a JSON response from the WebDriver does not have an error.\n    \n        :Args:\n         - response - The JSON response from the WebDriver server as a dictionary\n           object.\n    \n        :Raises: If the response contains an error message.\n        \"\"\"\n        status = response.get('status', None)\n        if not status or status == ErrorCode.SUCCESS:\n            return\n        value = None\n        message = response.get(\"message\", \"\")\n        screen: str = response.get(\"screen\", \"\")\n        stacktrace = None\n        if isinstance(status, int):\n            value_json = response.get('value', None)\n            if value_json and isinstance(value_json, str):\n                import json\n                try:\n                    value = json.loads(value_json)\n                    if len(value.keys()) == 1:\n                        value = value['value']\n                    status = value.get('error', None)\n                    if not status:\n                        status = value.get(\"status\", ErrorCode.UNKNOWN_ERROR)\n                        message = value.get(\"value\") or value.get(\"message\")\n                        if not isinstance(message, str):\n                            value = message\n                            message = message.get('message')\n                    else:\n                        message = value.get('message', None)\n                except ValueError:\n                    pass\n    \n        exception_class: Type[WebDriverException]\n        if status in ErrorCode.NO_SUCH_ELEMENT:\n            exception_class = NoSuchElementException\n        elif status in ErrorCode.NO_SUCH_FRAME:\n            exception_class = NoSuchFrameException\n        elif status in ErrorCode.NO_SUCH_SHADOW_ROOT:\n            exception_class = NoSuchShadowRootException\n        elif status in ErrorCode.NO_SUCH_WINDOW:\n            exception_class = NoSuchWindowException\n        elif status in ErrorCode.STALE_ELEMENT_REFERENCE:\n            exception_class = StaleElementReferenceException\n        elif status in ErrorCode.ELEMENT_NOT_VISIBLE:\n            exception_class = ElementNotVisibleException\n        elif status in ErrorCode.INVALID_ELEMENT_STATE:\n            exception_class = InvalidElementStateException\n        elif status in ErrorCode.INVALID_SELECTOR \\\n                or status in ErrorCode.INVALID_XPATH_SELECTOR \\\n                or status in ErrorCode.INVALID_XPATH_SELECTOR_RETURN_TYPER:\n            exception_class = InvalidSelectorException\n        elif status in ErrorCode.ELEMENT_IS_NOT_SELECTABLE:\n            exception_class = ElementNotSelectableException\n        elif status in ErrorCode.ELEMENT_NOT_INTERACTABLE:\n            exception_class = ElementNotInteractableException\n        elif status in ErrorCode.INVALID_COOKIE_DOMAIN:\n            exception_class = InvalidCookieDomainException\n        elif status in ErrorCode.UNABLE_TO_SET_COOKIE:\n            exception_class = UnableToSetCookieException\n        elif status in ErrorCode.TIMEOUT:\n            exception_class = TimeoutException\n        elif status in ErrorCode.SCRIPT_TIMEOUT:\n            exception_class = TimeoutException\n        elif status in ErrorCode.UNKNOWN_ERROR:\n            exception_class = WebDriverException\n        elif status in ErrorCode.UNEXPECTED_ALERT_OPEN:\n            exception_class = UnexpectedAlertPresentException\n        elif status in ErrorCode.NO_ALERT_OPEN:\n            exception_class = NoAlertPresentException\n        elif status in ErrorCode.IME_NOT_AVAILABLE:\n            exception_class = ImeNotAvailableException\n        elif status in ErrorCode.IME_ENGINE_ACTIVATION_FAILED:\n            exception_class = ImeActivationFailedException\n        elif status in ErrorCode.MOVE_TARGET_OUT_OF_BOUNDS:\n            exception_class = MoveTargetOutOfBoundsException\n        elif status in ErrorCode.JAVASCRIPT_ERROR:\n            exception_class = JavascriptException\n        elif status in ErrorCode.SESSION_NOT_CREATED:\n            exception_class = SessionNotCreatedException\n        elif status in ErrorCode.INVALID_ARGUMENT:\n            exception_class = InvalidArgumentException\n        elif status in ErrorCode.NO_SUCH_COOKIE:\n            exception_class = NoSuchCookieException\n        elif status in ErrorCode.UNABLE_TO_CAPTURE_SCREEN:\n            exception_class = ScreenshotException\n        elif status in ErrorCode.ELEMENT_CLICK_INTERCEPTED:\n            exception_class = ElementClickInterceptedException\n        elif status in ErrorCode.INSECURE_CERTIFICATE:\n            exception_class = InsecureCertificateException\n        elif status in ErrorCode.INVALID_COORDINATES:\n            exception_class = InvalidCoordinatesException\n        elif status in ErrorCode.INVALID_SESSION_ID:\n            exception_class = InvalidSessionIdException\n        elif status in ErrorCode.UNKNOWN_METHOD:\n            exception_class = UnknownMethodException\n        else:\n            exception_class = WebDriverException\n        if not value:\n            value = response['value']\n        if isinstance(value, str):\n            raise exception_class(value)\n        if message == \"\" and 'message' in value:\n            message = value['message']\n    \n        screen = None  # type: ignore[assignment]\n        if 'screen' in value:\n            screen = value['screen']\n    \n        stacktrace = None\n        st_value = value.get('stackTrace') or value.get('stacktrace')\n        if st_value:\n            if isinstance(st_value, str):\n                stacktrace = st_value.split('\\n')\n            else:\n                stacktrace = []\n                try:\n                    for frame in st_value:\n                        line = self._value_or_default(frame, 'lineNumber', '')\n                        file = self._value_or_default(frame, 'fileName', '<anonymous>')\n                        if line:\n                            file = \"%s:%s\" % (file, line)\n                        meth = self._value_or_default(frame, 'methodName', '<anonymous>')\n                        if 'className' in frame:\n                            meth = \"%s.%s\" % (frame['className'], meth)\n                        msg = \"    at %s (%s)\"\n                        msg = msg % (meth, file)\n                        stacktrace.append(msg)\n                except TypeError:\n                    pass\n        if exception_class == UnexpectedAlertPresentException:\n            alert_text = None\n            if 'data' in value:\n                alert_text = value['data'].get('text')\n            elif 'alert' in value:\n                alert_text = value['alert'].get('text')\n            raise exception_class(message, screen, stacktrace, alert_text)  # type: ignore[call-arg]  # mypy is not smart enough here\n>       raise exception_class(message, screen, stacktrace)\nE       selenium.common.exceptions.NoSuchElementException: Message: Unable to locate element: [id=\"nav-orderss\"]\nE       Stacktrace:\nE       WebDriverError@chrome://remote/content/shared/webdriver/Errors.jsm:183:5\nE       NoSuchElementError@chrome://remote/content/shared/webdriver/Errors.jsm:395:5\nE       element.find/</<@chrome://remote/content/marionette/element.js:300:16\n\nc:\\users\\kegupta\\appdata\\local\\programs\\python\\python38\\lib\\site-packages\\selenium\\webdriver\\remote\\errorhandler.py:247: NoSuchElementException","flaky":false,"newFailed":false,"newBroken":false,"newPassed":false,"retriesCount":3,"retriesStatusChange":true,"beforeStages":[{"name":"setup","time":{"start":1654588824147,"stop":1654588834508,"duration":10361},"status":"passed","steps":[],"attachments":[],"parameters":[],"hasContent":false,"stepsCount":0,"attachmentsCount":0,"shouldDisplayMessage":false}],"testStage":{"status":"broken","statusMessage":"selenium.common.exceptions.NoSuchElementException: Message: Unable to locate element: [id=\"nav-orderss\"]\nStacktrace:\nWebDriverError@chrome://remote/content/shared/webdriver/Errors.jsm:183:5\nNoSuchElementError@chrome://remote/content/shared/webdriver/Errors.jsm:395:5\nelement.find/</<@chrome://remote/content/marionette/element.js:300:16","statusTrace":"self = <tests.amazon_suite_test.Test_AmazonHomePage object at 0x000001D80CA2FB50>\n\n    @allure.severity(allure.severity_level.NORMAL)\n    @pytest.mark.Smoke\n    @pytest.mark.AmazonHomeTest\n    def test_verifyReturnAndordersButtonDisplayed(self):\n        log = self.getLogger()\n        homePage = HomePage(self.driver)\n>       homePage.verifyReturnsAndOrderButtonDisplayed()\n\ntests\\amazon_suite_test.py:28: \n_ _ _ _ _ _ _ _ _ _ _ _ _ _ _ _ _ _ _ _ _ _ _ _ _ _ _ _ _ _ _ _ _ _ _ _ _ _ _ _\npageObjects\\HomePage.py:56: in verifyReturnsAndOrderButtonDisplayed\n    self.getReturnsAndOrdersButton().is_displayed()\npageObjects\\HomePage.py:51: in getReturnsAndOrdersButton\n    return self.findElementById(self.returnsAndOrdersButton)\nutilities\\BaseClass.py:170: in findElementById\n    return self.driver.find_element_by_id(Id)\nc:\\users\\kegupta\\appdata\\local\\programs\\python\\python38\\lib\\site-packages\\selenium\\webdriver\\remote\\webdriver.py:478: in find_element_by_id\n    return self.find_element(by=By.ID, value=id_)\nc:\\users\\kegupta\\appdata\\local\\programs\\python\\python38\\lib\\site-packages\\selenium\\webdriver\\remote\\webdriver.py:1251: in find_element\n    return self.execute(Command.FIND_ELEMENT, {\nc:\\users\\kegupta\\appdata\\local\\programs\\python\\python38\\lib\\site-packages\\selenium\\webdriver\\remote\\webdriver.py:430: in execute\n    self.error_handler.check_response(response)\n_ _ _ _ _ _ _ _ _ _ _ _ _ _ _ _ _ _ _ _ _ _ _ _ _ _ _ _ _ _ _ _ _ _ _ _ _ _ _ _\n\nself = <selenium.webdriver.remote.errorhandler.ErrorHandler object at 0x000001D80C9E5C70>\nresponse = {'status': 404, 'value': '{\"value\":{\"error\":\"no such element\",\"message\":\"Unable to locate element: [id=\\\\\"nav-orderss\\...ntent/shared/webdriver/Errors.jsm:395:5\\\\nelement.find/</<@chrome://remote/content/marionette/element.js:300:16\\\\n\"}}'}\n\n    def check_response(self, response: Dict[str, Any]) -> None:\n        \"\"\"\n        Checks that a JSON response from the WebDriver does not have an error.\n    \n        :Args:\n         - response - The JSON response from the WebDriver server as a dictionary\n           object.\n    \n        :Raises: If the response contains an error message.\n        \"\"\"\n        status = response.get('status', None)\n        if not status or status == ErrorCode.SUCCESS:\n            return\n        value = None\n        message = response.get(\"message\", \"\")\n        screen: str = response.get(\"screen\", \"\")\n        stacktrace = None\n        if isinstance(status, int):\n            value_json = response.get('value', None)\n            if value_json and isinstance(value_json, str):\n                import json\n                try:\n                    value = json.loads(value_json)\n                    if len(value.keys()) == 1:\n                        value = value['value']\n                    status = value.get('error', None)\n                    if not status:\n                        status = value.get(\"status\", ErrorCode.UNKNOWN_ERROR)\n                        message = value.get(\"value\") or value.get(\"message\")\n                        if not isinstance(message, str):\n                            value = message\n                            message = message.get('message')\n                    else:\n                        message = value.get('message', None)\n                except ValueError:\n                    pass\n    \n        exception_class: Type[WebDriverException]\n        if status in ErrorCode.NO_SUCH_ELEMENT:\n            exception_class = NoSuchElementException\n        elif status in ErrorCode.NO_SUCH_FRAME:\n            exception_class = NoSuchFrameException\n        elif status in ErrorCode.NO_SUCH_SHADOW_ROOT:\n            exception_class = NoSuchShadowRootException\n        elif status in ErrorCode.NO_SUCH_WINDOW:\n            exception_class = NoSuchWindowException\n        elif status in ErrorCode.STALE_ELEMENT_REFERENCE:\n            exception_class = StaleElementReferenceException\n        elif status in ErrorCode.ELEMENT_NOT_VISIBLE:\n            exception_class = ElementNotVisibleException\n        elif status in ErrorCode.INVALID_ELEMENT_STATE:\n            exception_class = InvalidElementStateException\n        elif status in ErrorCode.INVALID_SELECTOR \\\n                or status in ErrorCode.INVALID_XPATH_SELECTOR \\\n                or status in ErrorCode.INVALID_XPATH_SELECTOR_RETURN_TYPER:\n            exception_class = InvalidSelectorException\n        elif status in ErrorCode.ELEMENT_IS_NOT_SELECTABLE:\n            exception_class = ElementNotSelectableException\n        elif status in ErrorCode.ELEMENT_NOT_INTERACTABLE:\n            exception_class = ElementNotInteractableException\n        elif status in ErrorCode.INVALID_COOKIE_DOMAIN:\n            exception_class = InvalidCookieDomainException\n        elif status in ErrorCode.UNABLE_TO_SET_COOKIE:\n            exception_class = UnableToSetCookieException\n        elif status in ErrorCode.TIMEOUT:\n            exception_class = TimeoutException\n        elif status in ErrorCode.SCRIPT_TIMEOUT:\n            exception_class = TimeoutException\n        elif status in ErrorCode.UNKNOWN_ERROR:\n            exception_class = WebDriverException\n        elif status in ErrorCode.UNEXPECTED_ALERT_OPEN:\n            exception_class = UnexpectedAlertPresentException\n        elif status in ErrorCode.NO_ALERT_OPEN:\n            exception_class = NoAlertPresentException\n        elif status in ErrorCode.IME_NOT_AVAILABLE:\n            exception_class = ImeNotAvailableException\n        elif status in ErrorCode.IME_ENGINE_ACTIVATION_FAILED:\n            exception_class = ImeActivationFailedException\n        elif status in ErrorCode.MOVE_TARGET_OUT_OF_BOUNDS:\n            exception_class = MoveTargetOutOfBoundsException\n        elif status in ErrorCode.JAVASCRIPT_ERROR:\n            exception_class = JavascriptException\n        elif status in ErrorCode.SESSION_NOT_CREATED:\n            exception_class = SessionNotCreatedException\n        elif status in ErrorCode.INVALID_ARGUMENT:\n            exception_class = InvalidArgumentException\n        elif status in ErrorCode.NO_SUCH_COOKIE:\n            exception_class = NoSuchCookieException\n        elif status in ErrorCode.UNABLE_TO_CAPTURE_SCREEN:\n            exception_class = ScreenshotException\n        elif status in ErrorCode.ELEMENT_CLICK_INTERCEPTED:\n            exception_class = ElementClickInterceptedException\n        elif status in ErrorCode.INSECURE_CERTIFICATE:\n            exception_class = InsecureCertificateException\n        elif status in ErrorCode.INVALID_COORDINATES:\n            exception_class = InvalidCoordinatesException\n        elif status in ErrorCode.INVALID_SESSION_ID:\n            exception_class = InvalidSessionIdException\n        elif status in ErrorCode.UNKNOWN_METHOD:\n            exception_class = UnknownMethodException\n        else:\n            exception_class = WebDriverException\n        if not value:\n            value = response['value']\n        if isinstance(value, str):\n            raise exception_class(value)\n        if message == \"\" and 'message' in value:\n            message = value['message']\n    \n        screen = None  # type: ignore[assignment]\n        if 'screen' in value:\n            screen = value['screen']\n    \n        stacktrace = None\n        st_value = value.get('stackTrace') or value.get('stacktrace')\n        if st_value:\n            if isinstance(st_value, str):\n                stacktrace = st_value.split('\\n')\n            else:\n                stacktrace = []\n                try:\n                    for frame in st_value:\n                        line = self._value_or_default(frame, 'lineNumber', '')\n                        file = self._value_or_default(frame, 'fileName', '<anonymous>')\n                        if line:\n                            file = \"%s:%s\" % (file, line)\n                        meth = self._value_or_default(frame, 'methodName', '<anonymous>')\n                        if 'className' in frame:\n                            meth = \"%s.%s\" % (frame['className'], meth)\n                        msg = \"    at %s (%s)\"\n                        msg = msg % (meth, file)\n                        stacktrace.append(msg)\n                except TypeError:\n                    pass\n        if exception_class == UnexpectedAlertPresentException:\n            alert_text = None\n            if 'data' in value:\n                alert_text = value['data'].get('text')\n            elif 'alert' in value:\n                alert_text = value['alert'].get('text')\n            raise exception_class(message, screen, stacktrace, alert_text)  # type: ignore[call-arg]  # mypy is not smart enough here\n>       raise exception_class(message, screen, stacktrace)\nE       selenium.common.exceptions.NoSuchElementException: Message: Unable to locate element: [id=\"nav-orderss\"]\nE       Stacktrace:\nE       WebDriverError@chrome://remote/content/shared/webdriver/Errors.jsm:183:5\nE       NoSuchElementError@chrome://remote/content/shared/webdriver/Errors.jsm:395:5\nE       element.find/</<@chrome://remote/content/marionette/element.js:300:16\n\nc:\\users\\kegupta\\appdata\\local\\programs\\python\\python38\\lib\\site-packages\\selenium\\webdriver\\remote\\errorhandler.py:247: NoSuchElementException","steps":[],"attachments":[{"uid":"a5b55d296607d23b","name":"HomePage","source":"a5b55d296607d23b.png","type":"image/png","size":1040482},{"uid":"46da7e2443653e36","name":"log","source":"46da7e2443653e36.txt","type":"text/plain","size":386}],"parameters":[],"hasContent":true,"stepsCount":0,"attachmentsCount":2,"shouldDisplayMessage":true},"afterStages":[{"name":"setup::0","time":{"start":1654588839085,"stop":1654588842034,"duration":2949},"status":"passed","steps":[],"attachments":[],"parameters":[],"hasContent":false,"stepsCount":0,"attachmentsCount":0,"shouldDisplayMessage":false}],"labels":[{"name":"severity","value":"normal"},{"name":"tag","value":"Smoke"},{"name":"tag","value":"AmazonHomeTest"},{"name":"tag","value":"@pytest.mark.usefixtures('setup')"},{"name":"parentSuite","value":"tests"},{"name":"suite","value":"amazon_suite_test"},{"name":"subSuite","value":"Test_AmazonHomePage"},{"name":"host","value":"ALAMO-QA6L"},{"name":"thread","value":"51912-MainThread"},{"name":"framework","value":"pytest"},{"name":"language","value":"cpython3"},{"name":"package","value":"tests.amazon_suite_test"},{"name":"resultFormat","value":"allure2"}],"parameters":[{"name":"setup","value":"'firefox'"}],"links":[],"hidden":false,"retry":false,"extra":{"severity":"normal","retries":[{"uid":"33f45c95466b42d3","status":"broken","statusDetails":"selenium.common.exceptions.NoSuchElementException: Message: Unable to locate element: [id=\"nav-orderss\"]\nStacktrace:\nWebDriverError@chrome://remote/content/shared/webdriver/Errors.jsm:183:5\nNoSuchElementError@chrome://remote/content/shared/webdriver/Errors.jsm:395:5\nelement.find/</<@chrome://remote/content/marionette/element.js:300:16","time":{"start":1654588618363,"stop":1654588622733,"duration":4370}},{"uid":"62efa241373036d1","status":"broken","statusDetails":"selenium.common.exceptions.NoSuchElementException: Message: Unable to locate element: [id=\"nav-orderss\"]\nStacktrace:\nWebDriverError@chrome://remote/content/shared/webdriver/Errors.jsm:183:5\nNoSuchElementError@chrome://remote/content/shared/webdriver/Errors.jsm:395:5\nelement.find/</<@chrome://remote/content/marionette/element.js:300:16","time":{"start":1654588372689,"stop":1654588377013,"duration":4324}},{"uid":"a96bb85f310fb772","status":"passed","time":{"start":1654588294279,"stop":1654588294545,"duration":266}}],"categories":[{"name":"Test defects","matchedStatuses":[],"flaky":false}],"history":{"statistic":{"failed":0,"broken":5,"skipped":0,"passed":7,"unknown":0,"total":12},"items":[{"uid":"781cdae8e08ca22b","reportUrl":"http://localhost:8080/job/Pytest%20Framework/25/allure/#testresult/781cdae8e08ca22b","status":"broken","statusDetails":"selenium.common.exceptions.NoSuchElementException: Message: Unable to locate element: [id=\"nav-orderss\"]\nStacktrace:\nWebDriverError@chrome://remote/content/shared/webdriver/Errors.jsm:183:5\nNoSuchElementError@chrome://remote/content/shared/webdriver/Errors.jsm:395:5\nelement.find/</<@chrome://remote/content/marionette/element.js:300:16","time":{"start":1654588618363,"stop":1654588622733,"duration":4370}},{"uid":"83e369dcbe170fb8","reportUrl":"http://localhost:8080/job/Pytest%20Framework/24/allure/#testresult/83e369dcbe170fb8","status":"broken","statusDetails":"selenium.common.exceptions.NoSuchElementException: Message: Unable to locate element: [id=\"nav-orderss\"]\nStacktrace:\nWebDriverError@chrome://remote/content/shared/webdriver/Errors.jsm:183:5\nNoSuchElementError@chrome://remote/content/shared/webdriver/Errors.jsm:395:5\nelement.find/</<@chrome://remote/content/marionette/element.js:300:16","time":{"start":1654588372689,"stop":1654588377013,"duration":4324}},{"uid":"6edbd7d86a9fcd4e","reportUrl":"http://localhost:8080/job/Pytest%20Framework/23/allure/#testresult/6edbd7d86a9fcd4e","status":"passed","time":{"start":1654588294279,"stop":1654588294545,"duration":266}},{"uid":"301988d3833f2e97","reportUrl":"http://localhost:8080/job/Pytest%20Framework/22/allure/#testresult/301988d3833f2e97","status":"passed","time":{"start":1654550940974,"stop":1654550941145,"duration":171}},{"uid":"c23a8d07f1eacdc0","reportUrl":"http://localhost:8080/job/Pytest%20Framework/21/allure/#testresult/c23a8d07f1eacdc0","status":"passed","time":{"start":1654550721039,"stop":1654550722299,"duration":1260}},{"uid":"c60d450cb7c96429","reportUrl":"http://localhost:8080/job/Pytest%20Framework/20/allure/#testresult/c60d450cb7c96429","status":"broken","statusDetails":"selenium.common.exceptions.NoSuchElementException: Message: Unable to locate element: [id=\"nav-orderss\"]\nStacktrace:\nWebDriverError@chrome://remote/content/shared/webdriver/Errors.jsm:183:5\nNoSuchElementError@chrome://remote/content/shared/webdriver/Errors.jsm:395:5\nelement.find/</<@chrome://remote/content/marionette/element.js:300:16","time":{"start":1654550441846,"stop":1654550446215,"duration":4369}},{"uid":"6ff0ba92fbf21ca6","reportUrl":"http://localhost:8080/job/Pytest%20Framework/19/allure/#testresult/6ff0ba92fbf21ca6","status":"broken","statusDetails":"selenium.common.exceptions.NoSuchElementException: Message: Unable to locate element: [id=\"nav-orderss\"]\nStacktrace:\nWebDriverError@chrome://remote/content/shared/webdriver/Errors.jsm:183:5\nNoSuchElementError@chrome://remote/content/shared/webdriver/Errors.jsm:395:5\nelement.find/</<@chrome://remote/content/marionette/element.js:300:16","time":{"start":1654550093360,"stop":1654550097521,"duration":4161}},{"uid":"2c588d5dc381f488","reportUrl":"http://localhost:8080/job/Pytest%20Framework/18/allure/#testresult/2c588d5dc381f488","status":"passed","time":{"start":1654549147912,"stop":1654549148111,"duration":199}},{"uid":"acbc6f702599225c","reportUrl":"http://localhost:8080/job/Pytest%20Framework/16/allure/#testresult/acbc6f702599225c","status":"passed","time":{"start":1654546755025,"stop":1654546755047,"duration":22}},{"uid":"78274e59a5da5439","reportUrl":"http://localhost:8080/job/Pytest%20Framework/15/allure/#testresult/78274e59a5da5439","status":"passed","time":{"start":1654546755025,"stop":1654546755047,"duration":22}},{"uid":"e22e46a4b7be5bf","reportUrl":"http://localhost:8080/job/Pytest%20Framework/14/allure/#testresult/e22e46a4b7be5bf","status":"passed","time":{"start":1654546755025,"stop":1654546755047,"duration":22}}]},"tags":["AmazonHomeTest","Smoke","@pytest.mark.usefixtures('setup')"]},"source":"865f737665b46027.json","parameterValues":["'firefox'"]}